\BOOKMARK [1][-]{section.1}{\376\377\000O\000b\000j\000e\000t\000i\000v\000o}{}% 1
\BOOKMARK [1][-]{section.2}{\376\377\000M\000a\000r\000c\000o\000\040\000T\000e\000\363\000r\000i\000c\000o}{}% 2
\BOOKMARK [2][-]{subsection.2.1}{\376\377\000M\000o\000d\000e\000l\000o\000\040\000n\000o\000\040\000l\000i\000n\000e\000a\000l\000\040\000d\000e\000l\000\040\000p\000\351\000n\000d\000u\000l\000o\000\040\000c\000o\000n\000\040\000d\000o\000s\000\040\000r\000u\000e\000d\000a\000s}{section.2}% 3
\BOOKMARK [2][-]{subsection.2.2}{\376\377\000M\000o\000d\000e\000l\000o\000\040\000l\000i\000n\000e\000a\000l\000i\000z\000a\000d\000o\000\040\000s\000i\000m\000p\000l\000i\000f\000i\000c\000a\000d\000o\000\040\000d\000e\000l\000\040\000p\000\351\000n\000d\000u\000l\000o\000\040\000c\000o\000n\000\040\000d\000o\000s\000\040\000r\000u\000e\000d\000a\000s}{section.2}% 4
\BOOKMARK [2][-]{subsection.2.3}{\376\377\000C\000o\000n\000t\000r\000o\000l\000a\000d\000o\000r\000\040\000d\000e\000\040\000s\000e\000g\000u\000i\000m\000i\000e\000n\000t\000o\000\040\000d\000e\000\040\000l\000\355\000n\000e\000a}{section.2}% 5
\BOOKMARK [2][-]{subsection.2.4}{\376\377\000S\000a\000l\000i\000d\000a\000\040\000p\000l\000a\000n\000a}{section.2}% 6
\BOOKMARK [2][-]{subsection.2.5}{\376\377\000C\000o\000n\000t\000r\000o\000l\000a\000d\000o\000r\000\040\000p\000a\000r\000a\000\040\000b\000a\000l\000a\000n\000c\000e\000o\000\040\000y\000\040\000a\000v\000a\000n\000c\000e\000\040\000t\000r\000a\000s\000l\000a\000c\000i\000o\000n\000a\000l}{section.2}% 7
\BOOKMARK [1][-]{section.3}{\376\377\000M\000a\000t\000e\000r\000i\000a\000l\000e\000s\000\040\000y\000\040\000M\000\351\000t\000o\000d\000o\000s}{}% 8
\BOOKMARK [2][-]{subsection.3.1}{\376\377\000M\000a\000t\000e\000r\000i\000a\000l\000e\000s}{section.3}% 9
\BOOKMARK [2][-]{subsection.3.2}{\376\377\000D\000i\000a\000g\000r\000a\000m\000a\000\040\000d\000e\000\040\000c\000o\000n\000e\000x\000i\000o\000n\000e\000s\000\040\000e\000n\000t\000r\000e\000\040\000c\000o\000m\000p\000o\000n\000e\000n\000t\000e\000s}{section.3}% 10
\BOOKMARK [2][-]{subsection.3.3}{\376\377\000M\000e\000t\000o\000d\000o\000l\000o\000g\000\355\000a}{section.3}% 11
\BOOKMARK [1][-]{section.4}{\376\377\000R\000e\000s\000u\000l\000t\000a\000d\000o\000s\000\040\000y\000\040\000D\000i\000s\000c\000u\000s\000i\000\363\000n}{}% 12
\BOOKMARK [2][-]{subsection.4.1}{\376\377\000A\000g\000u\000i\000l\000a\000r\000\040\000S\000a\000r\000a\000b\000i\000a\000\040\000D\000i\000e\000g\000o\000\040\000E\000u\000g\000e\000n\000i\000o}{section.4}% 13
\BOOKMARK [2][-]{subsection.4.2}{\376\377\000F\000e\000r\000n\000\341\000n\000d\000e\000z\000\040\000R\000e\000n\000d\000\363\000n\000\040\000A\000n\000n\000a\000\040\000P\000a\000t\000r\000i\000c\000i\000a}{section.4}% 14
\BOOKMARK [2][-]{subsection.4.3}{\376\377\000S\000\341\000n\000c\000h\000e\000z\000\040\000A\000l\000e\000j\000o\000\040\000F\000r\000i\000d\000a\000\040\000A\000l\000e\000x\000a\000n\000d\000r\000a}{section.4}% 15
\BOOKMARK [2][-]{subsection.4.4}{\376\377\000Z\000e\000r\000o\000n\000\040\000M\000a\000r\000i\000n\000\040\000L\000u\000i\000s\000\040\000A\000l\000e\000j\000a\000n\000d\000r\000o}{section.4}% 16
\BOOKMARK [2][-]{subsection.4.5}{\376\377\000R\000e\000s\000u\000l\000t\000a\000d\000o\000s\000\040\000y\000\040\000d\000i\000s\000c\000u\000s\000i\000\363\000n\000\040\000d\000e\000l\000\040\000e\000q\000u\000i\000p\000o}{section.4}% 17
\BOOKMARK [1][-]{section.5}{\376\377\000C\000o\000n\000c\000l\000u\000s\000i\000o\000n\000e\000s}{}% 18
\BOOKMARK [2][-]{subsection.5.1}{\376\377\000A\000g\000u\000i\000l\000a\000r\000\040\000S\000a\000r\000a\000b\000i\000a\000\040\000D\000i\000e\000g\000o\000\040\000E\000u\000g\000e\000n\000i\000o}{section.5}% 19
\BOOKMARK [2][-]{subsection.5.2}{\376\377\000F\000e\000r\000n\000\341\000n\000d\000e\000z\000\040\000R\000e\000n\000d\000\363\000n\000\040\000A\000n\000n\000a\000\040\000P\000a\000t\000r\000i\000c\000i\000a}{section.5}% 20
\BOOKMARK [2][-]{subsection.5.3}{\376\377\000S\000\341\000n\000c\000h\000e\000z\000\040\000A\000l\000e\000j\000o\000\040\000F\000r\000i\000d\000a\000\040\000A\000l\000e\000x\000a\000n\000d\000r\000a}{section.5}% 21
\BOOKMARK [2][-]{subsection.5.4}{\376\377\000Z\000e\000r\000o\000n\000\040\000M\000a\000r\000i\000n\000\040\000L\000u\000i\000s\000\040\000A\000l\000e\000j\000a\000n\000d\000r\000o}{section.5}% 22
\BOOKMARK [2][-]{subsection.5.5}{\376\377\000C\000o\000n\000c\000l\000u\000s\000i\000o\000n\000e\000s\000\040\000d\000e\000l\000\040\000e\000q\000u\000i\000p\000o}{section.5}% 23
\BOOKMARK [1][-]{subsection.5.5}{\376\377\000B\000i\000b\000l\000i\000o\000g\000r\000a\000f\000\355\000a}{}% 24
\BOOKMARK [1][-]{section.6}{\376\377\000A\000n\000e\000x\000o\000s\000s}{}% 25
\BOOKMARK [2][-]{subsection.6.1}{\376\377\000C\000\363\000d\000i\000g\000o\000\040\000F\000u\000e\000n\000t\000e\000\040\000d\000e\000l\000\040\000S\000i\000s\000t\000e\000m\000a\000\040\000d\000e\000\040\000C\000o\000n\000t\000r\000o\000l\000\040\000d\000e\000\040\000E\000q\000u\000i\000l\000i\000b\000r\000i\000o\000\040\000y\000\040\000S\000e\000g\000u\000i\000m\000i\000e\000n\000t\000o\000\040\000d\000e\000\040\000L\000\355\000n\000e\000a\000\040\000e\000n\000\040\000C\000\040\000\050\000C\000C\000S\000\040\000C\000o\000m\000p\000i\000l\000e\000r\000\051}{section.6}% 26
